<?xml version="1.0" encoding="UTF-8"?>
<!-- Generated by org.testng.reporters.JUnitReportReporter -->
<testsuite hostname="AutoProgrammer" failures="0" tests="1" name="AppiumFramework.AppiumFramework.ecommerceTestCase4" time="32.903" errors="0" timestamp="2020-07-24T12:43:49 BST" skipped="0">
  <testcase classname="AppiumFramework.AppiumFramework.ecommerceTestCase4" name="totalValidation" time="32.903"/>
  <system-out/>
</testsuite> <!-- AppiumFramework.AppiumFramework.ecommerceTestCase4 -->
